20150722202150      Read PLC D100=65.
20150722202150      Auto->ClearListbox.
20150722202211      Auto->PressUpdateButton.
20150722202211      Auto->PASS.
20150722202214      Write PLC D200=80.
20150722202430      Read PLC D100=65.
20150722202430      Auto->ClearListbox.
20150722202451      Auto->PressUpdateButton.
20150722202451      Auto->PASS.
20150722202451      Write PLC D200=80.
20150722202451      Read PLC D100=65.
20150722202451      Auto->ClearListbox.
20150722202459      Auto->PressUpdateButton.
20150722202459      Auto->FAIL,Time=7.39.
20150722202459      Write PLC D200=70.
20150722203313      Read PLC D100=65.
20150722203313      Auto->ClearListbox.
20150722203335      Auto->PressUpdateButton.
20150722203335      Auto->PASS.
20150722203335      Write PLC D200=80.
20150722203553      Read PLC D100=65.
20150722203553      Auto->ClearListbox.
20150722203614      Auto->PressUpdateButton.
20150722203614      Auto->PASS.
20150722203614      Write PLC D200=80.
20150722204716      Read PLC D100=65.
20150722204716      Auto->ClearListbox.
20150722204738      Auto->PressUpdateButton.
20150722204738      Auto->PASS.
20150722204738      Write PLC D200=80.
20150722205307      Read PLC D100=65.
20150722205308      Auto->ClearListbox.
20150722205329      Auto->PressUpdateButton.
20150722205330      Auto->PASS.
20150722205330      Write PLC D200=80.
20150722205559      Read PLC D100=65.
20150722205559      Auto->ClearListbox.
20150722205621      Auto->PressUpdateButton.
20150722205622      Auto->PASS.
20150722205622      Write PLC D200=80.
20150722205652      Read PLC D100=65.
20150722205652      Auto->ClearListbox.
20150722205714      Auto->PressUpdateButton.
20150722205714      Auto->PASS.
20150722205714      Write PLC D200=80.
20150722210307      Read PLC D100=65.
20150722210307      Auto->ClearListbox.
20150722210329      Auto->PressUpdateButton.
20150722210330      Auto->PASS.
20150722210330      Write PLC D200=80.
20150722210330      Read PLC D100=65.
20150722210330      Auto->ClearListbox.
20150722210351      Auto->PressUpdateButton.
20150722210351      Read PLC D100=65.
20150722210351      Auto->ClearListbox.
20150722210608      Read PLC D100=65.
20150722210608      Auto->ClearListbox.
20150722210630      Auto->PressUpdateButton.
20150722210630      Auto->PASS.
20150722210630      Write PLC D200=80.
20150722211419      Read PLC D100=65.
20150722211419      Auto->ClearListbox.
20150722211442      Auto->PressUpdateButton.
20150722211442      Auto->PASS.
20150722211442      Write PLC D200=80.
20150722212249      Read PLC D100=65.
20150722212250      Auto->ClearListbox.
20150722212313      Auto->PressUpdateButton.
20150722212313      Auto->PASS.
20150722212313      Write PLC D200=80.
